                                                                                                                                                        
                                                   ...........#....#.........##............###.......#..............#..........#.#......#.............. 
                                                   .................##.....#.#.........#..........#.....#....#..........#.....#.....#............#..... 
                                                   .....#.........................................###.#........##..................#................... 
                                                   .#......#..............................................#.........#..#....#.#.....#........#.#......# 
                                                   ..........#.....#..#..#.#.....#..........................................#.....#........#....##..#.. 
                                                   #..................#........#..............#.......#.#..............#....#...............#.#...#.... 
                                                   .#......#...............##..........#.............##.##.....#..#.......................#.......#.... 
                                                   ...#...#....................#..#......#.....#.......#.....#...........#....#......#.........##...... 
                                                   ...........#.#.........#...............#.#.......................#...#...#.#....................#... 
                                                   .....##......##...#.............#.....#....#....#......#..............................#............. 
                                                   ...................#..#..#.#...#.#....##.##..........##.........................#.#...............#. 
                                                   .......##..................................#......................##.#..#.#......#.................. 
                                                   ..................#...........................#.....#.......#...............#...........#........... 
                                                   ..#.............#..........#......................................#...................#.......#...#. 
                                                   #...##......#........................#...#.............#..........#..#.#.......#.........#.......... 
                                                   ...#.......##.....##..#..#.................#..........#...........#.....#.........#................. 
                                                   .............#..#............#............#.................#..........##.....................##.... 
                                                   ..........#......##.......#........#...........#..........#....................#........#........... 
                                                   ....#....................................#........##......................#......................... 
                                                   ...#....................#........#...................#......#...#..............#......#..........#.. 
                                                   ...............#.......#....................#...#..................#.#.....###.........#............ 
                                                   .......#...#...#...........#...#...#..............#..........#...#.......#........#....#..#.......#. 
                                                   ................#..........#.....................#................#...........#.....#.............#. 
                                                   ..#......#.........#.#....##......##......#.....#...............#......#.....#..#........#.......... 
                                                   .....#....................#.##........#.......#.#........#...#....................#.........#..#...# 
                                                   .......#........#...........#.#...#.#.#.......................................#.......#...#....#.... 
                                                   .........#.....#...................###...........#......#..#....................#....#.............. 
                                                   .......#..#....#................#......##...#..#............#.............#.......#................. 
                                                   #..##.#.....#.#....#..#...#..............###............#.................#......#.............#..#. 
                                                   .........#..................##..#...........#.................................#.....##.............# 
                                                   ...........#.#.....#..........#.....#.......##.....#.........#..........#..#................#...#.#. 
                                                   .#.......#..##.....#....#......#...............#............##.............#.........#.............. 
                                                   .##.......#......#....................#......##...#............#....#......#.............#.......... 
                                                   .#...............#.#.............#.##........#.....#....##.......#...........#..#................... 
                                                   ...........#.......#..........#...#..........................#......##.#.............#.............. 
                                                   ............#....#.....................#...#......#....#..#....................................#.... 
                                                   ........#......................................##.......#.............#.........#..................# 
                                                   ........#........#................#...........#.............#........#.................#.......#.... 
                                                   ......#...........................#.........#...............................#.#.#.............#..... 
                                                   ##....#...#........#..#.....#....#.....#...#...................................#.#........#....#.... 
                                                   .........#....#....#...........#...#...#.............##......................#..........#....###.... 
                                                   .....................#.......#..#........#...##................#.........##.#.#..#........#......... 
                                                   ........#...#.................................#....#.#...##.....#..##...#.....................#..... 
                                                   ....................#..##........................................#...........#.#.........##...#..... 
                                                   ..........#......##............#......................#.....#.....#...................##............ 
                                                   ........#.#....#..#.#..#.......#..................#........#.............#.......#...##.#.#......... 
                                                   ........................#.........................#...#.....#.................#....#.............#.. 
                                                   ......#....................................#..........#................#....#............#.......... 
                                                   .#........#........................#........#....#...........................#........#.....##.....# 
                                                   .........#.....#..#.......###..#....#.................#..........#............#................#.... 
                                                   ....##....#....................#......#..#.......#                                                   
                                                   ..........#.#.....#...#..##....................#..                                                   
                                                   .......#..#........#...........#.................#                                                   
                                                   .........................#..........#.............                                                   
                                                   ....#.....##....#.........#.............#.....#.#.                                                   
                                                   .#........#........#...................#......#...                                                   
                                                   .......................#.#........................                                                   
                                                   ............#.....................................                                                   
                                                   .#......#....#....#..#.........................#..                                                   
                                                   #......#........#.......##.#......................                                                   
                                                   .......#....#....#.......#..#.....................                                                   
                                                   .......#....#......#....................#...#..#..                                                   
                                                   ..............#.#...........#............#.##....#                                                   
                                                   ....................#..................#...#.....#                                                   
                                                   ...................#.#............................                                                   
                                                   .#...........................#.....#...#....#.....                                                   
                                                   #..........#.........#......#..#......#..........#                                                   
                                                   ....#.....#...............................#....#..                                                   
                                                   ..#....#..#.#.......#....#.#....#................#                                                   
                                                   ......#........#...#.....#........#...#.....#.....                                                   
                                                   ....#...........#.......#.....##......#......#....                                                   
                                                   ...#..##......#...................................                                                   
                                                   ...#...................#....#........#.#...#......                                                   
                                                   .....#.............##...................#.....#...                                                   
                                                   ....#..#.#....#........#........#................#                                                   
                                                   ............#....#...........#..###.#.........#...                                                   
                                                   #.........#...............#..................#..#.                                                   
                                                   .#.........#.................#...........#........                                                   
                                                   ..##....#......#......#.....................#...#.                                                   
                                                   .#...#......##...........................#.....#..                                                   
                                                   .........................#....................#...                                                   
                                                   ................#......#.#...................#....                                                   
                                                   ...........#.............#........................                                                   
                                                   ...............#.......................#..........                                                   
                                                   ..................................................                                                   
                                                   ....#...###.#.........#.#...........#..#.#...#.#..                                                   
                                                   ....................#........#...#.##....#........                                                   
                                                   ..............#..........#....#..#.............#..                                                   
                                                   ....................#..............#..............                                                   
                                                   .....#..............................#...........#.                                                   
                                                   ...........#......................#....#.......#..                                                   
                                                   ..#.........#...#..#.....#.........#.#............                                                   
                                                   ..........#....#.....................#............                                                   
                                                   #.......#......#...............##........#....#...                                                   
                                                   ..................................#..........#....                                                   
                                                   #...#..........#..........##...#...#..............                                                   
                                                   ..............#............................#......                                                   
                                                   .................#......#........##.....#...#.#...                                                   
                                                   ..##.........#......................#.............                                                   
                                                   ..#.............##................................                                                   
 ............................................##.........................#..........##................                                                   
 ....#...................#....#........#...#.........#...##...#.....#.#.....#.........#......#.......                                                   
 ...#..........................#.............#....................##.#...........#.#.#.#....#.......#                                                   
 .#...........#.........#.........#.#.#..................................................#...........                                                   
 ................#..#...#............#................#...........#.....#....#............#..........                                                   
 ...........................#..............................#...............................#...##..#.                                                   
 #.#.#..#............................#.........#.........#............#.......#.............#.#.....#                                                   
 #.........#..................#......#...##...#.......................#...................#..........                                                   
 .#.#................#..........#.....#......#.....#.................................#.............#.                                                   
 ........................................................#....................##...........#.....#...                                                   
 .................#..................#.............................................................#.                                                   
 ......#...#.......#..#.........#....##.....#........#..........#....#....................#.#........                                                   
 .....#...........#...#..........#..........#..#.................#...#...#...#..#.....#....#.........                                                   
 .#........#...................#...##....#..#.##.......#.........#.......#...........................                                                   
 .......#.#........#....#......#..........................#.......#....#......#...#.#................                                                   
 ...#...#.#.#.....#.......................#........#...#.#...##...#...#.............#.#..............                                                   
 ...#..........#..........#...................#..................#........#....#.....#..#....#.....##                                                   
 ....##.................................#..............#.....#..#......#........................#....                                                   
 ..#.#.......................................#.......................................#...............                                                   
 .#......#......................#...........#.............................#........###..#............                                                   
 .........#......................#....#..............................#...............................                                                   
 ....#......#....................#..........#........................................................                                                   
 .......#....................##...#..#.##..#.#..#...............#.......#.#............#.....#.......                                                   
 .............#.............#..#.#..#..............#......#....................#.........#.....#.....                                                   
 ...........#.....#.#.......................##.............#........#......#.........................                                                   
 ..........#...........##.#..............#.........#..........#..#......................#............                                                   
 ..............................#....#.....#.#....#...#............#.............#.......#............                                                   
 .......#......#.......#.........##......#...............#..............#.........#......#........#..                                                   
 ...........#............##..#..#......#..........................#..#...........#...................                                                   
 ....#...........................#.........#.#..............#.#...#......#........#.........#........                                                   
 ..............#..............................#..............#.#......................#......##......                                                   
 #...............#..............#....#.....................#.............#....#......................                                                   
 .#........#..........##...................#..............#....#......................##..#..........                                                   
 ......#...#......#.......##....#.........#.......#.#...........#...................#.#.......#......                                                   
 ....................................##.....#...........#.......#....#...#..............#............                                                   
 ............................###...........#............#....#...##.#.....................#.#.#......                                                   
 ..#.......##....#.........#.....#..........##..#.............##....#.#...##.....#....#.......#......                                                   
 ........#..#.........#...##....#..................#.#...##...............#..........................                                                   
 .#...............................#....#.##.#...........##...#......................#............#...                                                   
 ..#.....#...........#......................................##........#.#......#...#..#...........#..                                                   
 ........#...........#.....#.........#....#..#.............#......#.........#.#..#..#................                                                   
 ....#.##........#..##..#.#............#........#....#....#...........#.#............................                                                   
 .............#................#.....................#.......................#...........#......#....                                                   
 ....#.#......#...............#..............................................#........#.......##.....                                                   
 .......#..................................#..................................#..#...................                                                   
 ........#...................##.....#.#.......#......##.............#........#..................#....                                                   
 .........#..##.......#.#.....#........##............#.......##.............#.......#....#...........                                                   
 ..#..........##...............#.................##...#......................#..............#.......#                                                   
 ......#.......#.............##.......#........#..#..........#....#...#..#.....#....#................                                                   
 .........#..#............................#......................#..............................#.#..                                                   
 .......#..#.....................##.##.............                                                                                                     
 ...#..............#.......................#.#...#.                                                                                                     
 ....##................#.....#..................#..                                                                                                     
 .#....................................#......#...#                                                                                                     
 ......#............#........#.#..........#........                                                                                                     
 ..........................#...........#...........                                                                                                     
 .........#...#..........#......................#..                                                                                                     
 ......#..##.#.....#.#.........#......#............                                                                                                     
 .......#1...............##.........#............#.                                                                                                     
 ....#...1.##.....#....#..........................#                                                                                                     
 .......#1....#........................#..........#                                                                                                     
 ........1#.##...#..............##.#.....##.....#..                                                                                                     
 ......#21.....#.................#...............#.                                                                                                     
 .....#.3##.............#...........#.#..#....#....                                                                                                     
 ..#....3.......#..#.....#.#..................#....                                                                                                     
 ......#3........#.56666666666666666#..............                                                                                                     
 .......3...#.#....5...............7......#..#.#...                                                                                                     
 ..#....3..........5......#......#.7...............                                                                                                     
 ..#....3.......#..5....#....#.....7...............                                                                                                     
 ......#3.#........5#......#.......7...........#...                                                                                                     
 ....#..344444444444#888888888888887.......##......                                                                                                     
 .......#............9.............#..............#                                                                                                     
 ...........##.......9.....#.........#.............                                                                                                     
 .#..............#...9....#....#......#........#...                                                                                                     
 .................#..9.....#...#...................                                                                                                     
 ....................9..#.#.......#................                                                                                                     
 ............#.#.#...9.....................#.#.....                                                                                                     
 #........#..#.......9#..#.......#.....#.....#.#...                                                                                                     
 ......#..........#..90#.#..........#...#.....#....                                                                                                     
 .....#.....#........#......#........#...#.....#.#.                                                                                                     
 ....#....#.....#...#.............#...###......##..                                                                                                     
 .......#...............................#..........                                                                                                     
 .##.....#..................#.#........###.........                                                                                                     
 .......#....#.#.......#.#..........#.........#.#..                                                                                                     
 #..#....#...............#......#...##......#......                                                                                                     
 ...........................#................#.....                                                                                                     
 ..#...................#.........#.................                                                                                                     
 .#...#..................#......#..................                                                                                                     
 ..............#.......#.....................#.....                                                                                                     
 ...#..........##.....#........#.#.................                                                                                                     
 ....#.....#....#.....#.........................##.                                                                                                     
 .................#.#....#............#............                                                                                                     
 ..............#..............#...#....#.........#.                                                                                                     
 ..#...#..........#..............................#.                                                                                                     
 ..................#.................#...#.........                                                                                                     
 .........#.......................................#                                                                                                     
 .....#.........#..................................                                                                                                     
 ..#.......#............#....#.....................                                                                                                     
 ..................................##...#.....#....                                                                                                     
 ...#.........................#................#...                                                                                                     
                                                                                                                                                        